<?xml version="1.0" encoding="UTF-8"?>
<!-- Generated by org.testng.reporters.JUnitReportReporter -->
<testsuite hostname="ana-pc" failures="0" tests="2" name="testPages.DataProviderExcelTest" time="10.694" errors="0" timestamp="2023-11-14T21:16:17 EST" skipped="0">
  <testcase classname="testPages.DataProviderExcelTest" name="setupTest" time="4.118"/>
  <testcase classname="testPages.DataProviderExcelTest" name="setupTest" time="6.576"/>
</testsuite> <!-- testPages.DataProviderExcelTest -->
