<?xml version="1.0" encoding="UTF-8"?>
<!-- Generated by org.testng.reporters.JUnitReportReporter -->
<testsuite hostname="ana-pc" failures="0" tests="2" name="testPages.dataProviderMySqlTest" time="7.702" errors="0" timestamp="2023-11-14T21:16:17 EST" skipped="0">
  <testcase classname="testPages.dataProviderMySqlTest" name="setUpTest" time="5.404"/>
  <testcase classname="testPages.dataProviderMySqlTest" name="setUpTest" time="2.298"/>
</testsuite> <!-- testPages.dataProviderMySqlTest -->
